g:\dev\cuda\mpp\final\ode_solver_naive\x64\debug\ode_solver_naive.lib
g:\dev\cuda\mpp\final\ode_solver_naive\x64\debug\ode_solver_naive.exp
g:\dev\cuda\mpp\final\ode_solver_naive\x64\debug\ode_solver_naive.ilk
g:\dev\cuda\mpp\final\ode_solver_naive\x64\debug\ode_solver_naive.exe
g:\dev\cuda\mpp\final\ode_solver_naive\x64\debug\ode_solver_naive.pdb
g:\dev\cuda\mpp\final\ode_solver_naive\ode_solver_naive\x64\debug\kernel.cu.cache
g:\dev\cuda\mpp\final\ode_solver_naive\ode_solver_naive\x64\debug\main.cu.cache
g:\dev\cuda\mpp\final\ode_solver_naive\ode_solver_naive\x64\debug\naivesolver.cu.cache
g:\dev\cuda\mpp\final\ode_solver_naive\ode_solver_naive\x64\debug\parallelsolver1.cu.cache
g:\dev\cuda\mpp\final\ode_solver_naive\ode_solver_naive\x64\debug\support.cu.cache
g:\dev\cuda\mpp\final\ode_solver_naive\ode_solver_naive\x64\debug\naivesolver.cu.obj
g:\dev\cuda\mpp\final\ode_solver_naive\ode_solver_naive\x64\debug\kernel.cu.obj
g:\dev\cuda\mpp\final\ode_solver_naive\ode_solver_naive\x64\debug\main.cu.obj
g:\dev\cuda\mpp\final\ode_solver_naive\ode_solver_naive\x64\debug\parallelsolver1.cu.obj
g:\dev\cuda\mpp\final\ode_solver_naive\ode_solver_naive\x64\debug\support.cu.obj
g:\dev\cuda\mpp\final\ode_solver_naive\ode_solver_naive\x64\debug\vc141.pdb
g:\dev\cuda\mpp\final\ode_solver_naive\ode_solver_naive\x64\debug\ode_solver_naive.tlog\link.command.1.tlog
g:\dev\cuda\mpp\final\ode_solver_naive\ode_solver_naive\x64\debug\ode_solver_naive.tlog\ode_solver_naive.write.1u.tlog
g:\dev\cuda\mpp\final\ode_solver_naive\ode_solver_naive\x64\debug\ode_solver_naive.tlog\link.read.1.tlog
g:\dev\cuda\mpp\final\ode_solver_naive\ode_solver_naive\x64\debug\ode_solver_naive.tlog\link.write.1.tlog
