  
  G:\dev\CUDA\MPP\final\ODE_solver_naive\ODE_solver_naive>"C:\Program Files\NVIDIA GPU Computing Toolkit\CUDA\v10.0\bin\nvcc.exe" -ccbin "C:\Program Files (x86)\Microsoft Visual Studio\2017\Community\VC\Tools\MSVC\14.16.27023\bin\HostX86\x64" -x cu  -I"C:\Program Files\NVIDIA GPU Computing Toolkit\CUDA\v10.0\include" -I"C:\Program Files\NVIDIA GPU Computing Toolkit\CUDA\v10.0\include"  -G   --keep-dir x64\Debug -maxrregcount=0  --machine 64 --compile   -g   -DWIN32 -DWIN64 -D_DEBUG -D_CONSOLE -D_MBCS -Xcompiler "/EHsc /W3 /nologo /Od  /FS /Zi /RTC1 /MDd " -o x64\Debug\kernel.cu.obj "G:\dev\CUDA\MPP\final\ODE_solver_naive\ODE_solver_naive\kernel.cu" -clean 
  kernel.cu
  
  G:\dev\CUDA\MPP\final\ODE_solver_naive\ODE_solver_naive>"C:\Program Files\NVIDIA GPU Computing Toolkit\CUDA\v10.0\bin\nvcc.exe" -ccbin "C:\Program Files (x86)\Microsoft Visual Studio\2017\Community\VC\Tools\MSVC\14.16.27023\bin\HostX86\x64" -x cu  -I"C:\Program Files\NVIDIA GPU Computing Toolkit\CUDA\v10.0\include" -I"C:\Program Files\NVIDIA GPU Computing Toolkit\CUDA\v10.0\include"  -G   --keep-dir x64\Debug -maxrregcount=0  --machine 64 --compile   -g   -DWIN32 -DWIN64 -D_DEBUG -D_CONSOLE -D_MBCS -Xcompiler "/EHsc /W3 /nologo /Od  /FS /Zi /RTC1 /MDd " -o x64\Debug\main.cu.obj "G:\dev\CUDA\MPP\final\ODE_solver_naive\ODE_solver_naive\main.cu" -clean 
  main.cu
  
  G:\dev\CUDA\MPP\final\ODE_solver_naive\ODE_solver_naive>"C:\Program Files\NVIDIA GPU Computing Toolkit\CUDA\v10.0\bin\nvcc.exe" -ccbin "C:\Program Files (x86)\Microsoft Visual Studio\2017\Community\VC\Tools\MSVC\14.16.27023\bin\HostX86\x64" -x cu  -I"C:\Program Files\NVIDIA GPU Computing Toolkit\CUDA\v10.0\include" -I"C:\Program Files\NVIDIA GPU Computing Toolkit\CUDA\v10.0\include"  -G   --keep-dir x64\Debug -maxrregcount=0  --machine 64 --compile   -g   -DWIN32 -DWIN64 -D_DEBUG -D_CONSOLE -D_MBCS -Xcompiler "/EHsc /W3 /nologo /Od  /FS /Zi /RTC1 /MDd " -o x64\Debug\naiveSolver.cu.obj "G:\dev\CUDA\MPP\final\ODE_solver_naive\ODE_solver_naive\naiveSolver.cu" -clean 
  naiveSolver.cu
  
  G:\dev\CUDA\MPP\final\ODE_solver_naive\ODE_solver_naive>"C:\Program Files\NVIDIA GPU Computing Toolkit\CUDA\v10.0\bin\nvcc.exe" -ccbin "C:\Program Files (x86)\Microsoft Visual Studio\2017\Community\VC\Tools\MSVC\14.16.27023\bin\HostX86\x64" -x cu  -I"C:\Program Files\NVIDIA GPU Computing Toolkit\CUDA\v10.0\include" -I"C:\Program Files\NVIDIA GPU Computing Toolkit\CUDA\v10.0\include"  -G   --keep-dir x64\Debug -maxrregcount=0  --machine 64 --compile   -g   -DWIN32 -DWIN64 -D_DEBUG -D_CONSOLE -D_MBCS -Xcompiler "/EHsc /W3 /nologo /Od  /FS /Zi /RTC1 /MDd " -o x64\Debug\parallelSolver1.cu.obj "G:\dev\CUDA\MPP\final\ODE_solver_naive\ODE_solver_naive\parallelSolver1.cu" -clean 
  parallelSolver1.cu
  
  G:\dev\CUDA\MPP\final\ODE_solver_naive\ODE_solver_naive>"C:\Program Files\NVIDIA GPU Computing Toolkit\CUDA\v10.0\bin\nvcc.exe" -ccbin "C:\Program Files (x86)\Microsoft Visual Studio\2017\Community\VC\Tools\MSVC\14.16.27023\bin\HostX86\x64" -x cu  -I"C:\Program Files\NVIDIA GPU Computing Toolkit\CUDA\v10.0\include" -I"C:\Program Files\NVIDIA GPU Computing Toolkit\CUDA\v10.0\include"  -G   --keep-dir x64\Debug -maxrregcount=0  --machine 64 --compile   -g   -DWIN32 -DWIN64 -D_DEBUG -D_CONSOLE -D_MBCS -Xcompiler "/EHsc /W3 /nologo /Od  /FS /Zi /RTC1 /MDd " -o x64\Debug\Support.cu.obj "G:\dev\CUDA\MPP\final\ODE_solver_naive\ODE_solver_naive\Support.cu" -clean 
  Support.cu
  Compiling CUDA source file kernel.cu...
  Compiling CUDA source file main.cu...
  Compiling CUDA source file naiveSolver.cu...
  
  G:\dev\CUDA\MPP\final\ODE_solver_naive\ODE_solver_naive>"C:\Program Files\NVIDIA GPU Computing Toolkit\CUDA\v10.0\bin\nvcc.exe" -gencode=arch=compute_35,code=\"sm_35,compute_35\" --use-local-env -ccbin "C:\Program Files (x86)\Microsoft Visual Studio\2017\Community\VC\Tools\MSVC\14.16.27023\bin\HostX86\x64" -x cu  -I"C:\Program Files\NVIDIA GPU Computing Toolkit\CUDA\v10.0\include" -I"C:\Program Files\NVIDIA GPU Computing Toolkit\CUDA\v10.0\include"  -G   --keep-dir x64\Debug -maxrregcount=0  --machine 64 --compile -cudart static  -g   -DWIN32 -DWIN64 -D_DEBUG -D_CONSOLE -D_MBCS -Xcompiler "/EHsc /W3 /nologo /Od /Fdx64\Debug\vc141.pdb /FS /Zi /RTC1 /MDd " -o x64\Debug\kernel.cu.obj "G:\dev\CUDA\MPP\final\ODE_solver_naive\ODE_solver_naive\kernel.cu" 
  Compiling CUDA source file parallelSolver1.cu...
  
  G:\dev\CUDA\MPP\final\ODE_solver_naive\ODE_solver_naive>"C:\Program Files\NVIDIA GPU Computing Toolkit\CUDA\v10.0\bin\nvcc.exe" -gencode=arch=compute_35,code=\"sm_35,compute_35\" --use-local-env -ccbin "C:\Program Files (x86)\Microsoft Visual Studio\2017\Community\VC\Tools\MSVC\14.16.27023\bin\HostX86\x64" -x cu  -I"C:\Program Files\NVIDIA GPU Computing Toolkit\CUDA\v10.0\include" -I"C:\Program Files\NVIDIA GPU Computing Toolkit\CUDA\v10.0\include"  -G   --keep-dir x64\Debug -maxrregcount=0  --machine 64 --compile -cudart static  -g   -DWIN32 -DWIN64 -D_DEBUG -D_CONSOLE -D_MBCS -Xcompiler "/EHsc /W3 /nologo /Od /Fdx64\Debug\vc141.pdb /FS /Zi /RTC1 /MDd " -o x64\Debug\main.cu.obj "G:\dev\CUDA\MPP\final\ODE_solver_naive\ODE_solver_naive\main.cu" 
  
  G:\dev\CUDA\MPP\final\ODE_solver_naive\ODE_solver_naive>"C:\Program Files\NVIDIA GPU Computing Toolkit\CUDA\v10.0\bin\nvcc.exe" -gencode=arch=compute_35,code=\"sm_35,compute_35\" --use-local-env -ccbin "C:\Program Files (x86)\Microsoft Visual Studio\2017\Community\VC\Tools\MSVC\14.16.27023\bin\HostX86\x64" -x cu  -I"C:\Program Files\NVIDIA GPU Computing Toolkit\CUDA\v10.0\include" -I"C:\Program Files\NVIDIA GPU Computing Toolkit\CUDA\v10.0\include"  -G   --keep-dir x64\Debug -maxrregcount=0  --machine 64 --compile -cudart static  -g   -DWIN32 -DWIN64 -D_DEBUG -D_CONSOLE -D_MBCS -Xcompiler "/EHsc /W3 /nologo /Od /Fdx64\Debug\vc141.pdb /FS /Zi /RTC1 /MDd " -o x64\Debug\naiveSolver.cu.obj "G:\dev\CUDA\MPP\final\ODE_solver_naive\ODE_solver_naive\naiveSolver.cu" 
g:\dev\cuda\mpp\final\ode_solver_naive\ode_solver_naive\util.cuh(2): warning C4067: unexpected tokens following preprocessor directive - expected a newline
  
  G:\dev\CUDA\MPP\final\ODE_solver_naive\ODE_solver_naive>"C:\Program Files\NVIDIA GPU Computing Toolkit\CUDA\v10.0\bin\nvcc.exe" -gencode=arch=compute_35,code=\"sm_35,compute_35\" --use-local-env -ccbin "C:\Program Files (x86)\Microsoft Visual Studio\2017\Community\VC\Tools\MSVC\14.16.27023\bin\HostX86\x64" -x cu  -I"C:\Program Files\NVIDIA GPU Computing Toolkit\CUDA\v10.0\include" -I"C:\Program Files\NVIDIA GPU Computing Toolkit\CUDA\v10.0\include"  -G   --keep-dir x64\Debug -maxrregcount=0  --machine 64 --compile -cudart static  -g   -DWIN32 -DWIN64 -D_DEBUG -D_CONSOLE -D_MBCS -Xcompiler "/EHsc /W3 /nologo /Od /Fdx64\Debug\vc141.pdb /FS /Zi /RTC1 /MDd " -o x64\Debug\parallelSolver1.cu.obj "G:\dev\CUDA\MPP\final\ODE_solver_naive\ODE_solver_naive\parallelSolver1.cu" 
g:\dev\cuda\mpp\final\ode_solver_naive\ode_solver_naive\util.cuh(2): warning C4067: unexpected tokens following preprocessor directive - expected a newline
G:/dev/CUDA/MPP/final/ODE_solver_naive/ODE_solver_naive/naiveSolver.cu(34): warning : initial value of reference to non-const must be an lvalue
G:/dev/CUDA/MPP/final/ODE_solver_naive/ODE_solver_naive/main.cu(244): warning : variable "time" was set but never used
G:/dev/CUDA/MPP/final/ODE_solver_naive/ODE_solver_naive/main.cu(245): warning : variable "timeCurrent" was declared but never referenced
G:/dev/CUDA/MPP/final/ODE_solver_naive/ODE_solver_naive/main.cu(246): warning : variable "timeStep" was declared but never referenced
G:/dev/CUDA/MPP/final/ODE_solver_naive/ODE_solver_naive/main.cu(249): warning : variable "maxError" was declared but never referenced
G:/dev/CUDA/MPP/final/ODE_solver_naive/ODE_solver_naive/main.cu(250): warning : variable "stepUpFactor" was declared but never referenced
G:/dev/CUDA/MPP/final/ODE_solver_naive/ODE_solver_naive/naiveSolver.cu(40): warning : initial value of reference to non-const must be an lvalue
G:/dev/CUDA/MPP/final/ODE_solver_naive/ODE_solver_naive/main.cu(251): warning : variable "stepDoFactor" was declared but never referenced
G:/dev/CUDA/MPP/final/ODE_solver_naive/ODE_solver_naive/naiveSolver.cu(47): warning : initial value of reference to non-const must be an lvalue
G:/dev/CUDA/MPP/final/ODE_solver_naive/ODE_solver_naive/naiveSolver.cu(55): warning : initial value of reference to non-const must be an lvalue
G:/dev/CUDA/MPP/final/ODE_solver_naive/ODE_solver_naive/naiveSolver.cu(71): warning : initial value of reference to non-const must be an lvalue
G:/dev/CUDA/MPP/final/ODE_solver_naive/ODE_solver_naive/naiveSolver.cu(83): warning : initial value of reference to non-const must be an lvalue
G:/dev/CUDA/MPP/final/ODE_solver_naive/ODE_solver_naive/parallelSolver1.cu(24): warning : variable "cudaReturn" was declared but never referenced
g:\dev\cuda\mpp\final\ode_solver_naive\ode_solver_naive\util.cuh(2): warning C4067: unexpected tokens following preprocessor directive - expected a newline
g:\dev\cuda\mpp\final\ode_solver_naive\ode_solver_naive\util.cuh(2): warning C4067: unexpected tokens following preprocessor directive - expected a newline
G:/dev/CUDA/MPP/final/ODE_solver_naive/ODE_solver_naive/naiveSolver.cu(34): warning : initial value of reference to non-const must be an lvalue
G:/dev/CUDA/MPP/final/ODE_solver_naive/ODE_solver_naive/naiveSolver.cu(40): warning : initial value of reference to non-const must be an lvalue
G:/dev/CUDA/MPP/final/ODE_solver_naive/ODE_solver_naive/naiveSolver.cu(47): warning : initial value of reference to non-const must be an lvalue
G:/dev/CUDA/MPP/final/ODE_solver_naive/ODE_solver_naive/naiveSolver.cu(55): warning : initial value of reference to non-const must be an lvalue
G:/dev/CUDA/MPP/final/ODE_solver_naive/ODE_solver_naive/naiveSolver.cu(71): warning : initial value of reference to non-const must be an lvalue
G:/dev/CUDA/MPP/final/ODE_solver_naive/ODE_solver_naive/naiveSolver.cu(83): warning : initial value of reference to non-const must be an lvalue
  naiveSolver.cu
  kernel.cu
  main.cu
  parallelSolver1.cu
  Compiling CUDA source file Support.cu...
  
  G:\dev\CUDA\MPP\final\ODE_solver_naive\ODE_solver_naive>"C:\Program Files\NVIDIA GPU Computing Toolkit\CUDA\v10.0\bin\nvcc.exe" -gencode=arch=compute_35,code=\"sm_35,compute_35\" --use-local-env -ccbin "C:\Program Files (x86)\Microsoft Visual Studio\2017\Community\VC\Tools\MSVC\14.16.27023\bin\HostX86\x64" -x cu  -I"C:\Program Files\NVIDIA GPU Computing Toolkit\CUDA\v10.0\include" -I"C:\Program Files\NVIDIA GPU Computing Toolkit\CUDA\v10.0\include"  -G   --keep-dir x64\Debug -maxrregcount=0  --machine 64 --compile -cudart static  -g   -DWIN32 -DWIN64 -D_DEBUG -D_CONSOLE -D_MBCS -Xcompiler "/EHsc /W3 /nologo /Od /Fdx64\Debug\vc141.pdb /FS /Zi /RTC1 /MDd " -o x64\Debug\Support.cu.obj "G:\dev\CUDA\MPP\final\ODE_solver_naive\ODE_solver_naive\Support.cu" 
G:/dev/CUDA/MPP/final/ODE_solver_naive/ODE_solver_naive/parallelSolver1.cu(24): warning C4101: 'cudaReturn': unreferenced local variable
  Support.cu
     Creating library G:\dev\CUDA\MPP\final\ODE_solver_naive\x64\Debug\ODE_solver_naive.lib and object G:\dev\CUDA\MPP\final\ODE_solver_naive\x64\Debug\ODE_solver_naive.exp
  ODE_solver_naive.vcxproj -> G:\dev\CUDA\MPP\final\ODE_solver_naive\x64\Debug\ODE_solver_naive.exe
